Сборка начата 01.06.2015 6:08:46.
     1>Проект "C:\Users\Alexander\Desktop\Новая папка\Recomm\Recomm.vcxproj" в узле 2 (целевые объекты build).
     1>InitializeBuildStatus:
         Создание "Debug\Recomm.unsuccessfulbuild", так как было задано "AlwaysCreate".
       GenerateTargetFrameworkMonikerAttribute:
       Целевой объект "GenerateTargetFrameworkMonikerAttribute" пропускается, так как все выходные файлы актуальны по отношению к входным.
       ClCompile:
         Для всех выходных данных обновления не требуется.
         E:\Установленное\Vs\VC\bin\CL.exe /c /AI"C:\Program Files (x86)\Reference Assemblies\Microsoft\Framework\.NETFramework\v4.0" /Zi /clr:pure /nologo /W3 /WX- /Od /Oy- /D WIN32 /D _DEBUG /D _UNICODE /D UNICODE /EHa /MDd /GS /fp:precise /Zc:wchar_t /Zc:forScope /Yu"StdAfx.h" /Fp"Debug\Recomm.pch" /Fo"Debug\\" /Fd"Debug\vc100.pdb" /TP /FU"C:\Program Files (x86)\Reference Assemblies\Microsoft\Framework\.NETFramework\v4.0\System.Core.dll" /FU"C:\Program Files (x86)\Reference Assemblies\Microsoft\Framework\.NETFramework\v4.0\System.Data.dll" /FU"C:\Program Files (x86)\Reference Assemblies\Microsoft\Framework\.NETFramework\v4.0\System.dll" /FU"C:\Program Files (x86)\Reference Assemblies\Microsoft\Framework\.NETFramework\v4.0\System.Drawing.dll" /FU"C:\Program Files (x86)\Reference Assemblies\Microsoft\Framework\.NETFramework\v4.0\System.Windows.Forms.dll" /FU"C:\Program Files (x86)\Reference Assemblies\Microsoft\Framework\.NETFramework\v4.0\System.Xml.dll" /analyze- /errorReport:prompt Recomm.cpp /clr:nostdlib 
         Recomm.cpp
     1>c:\users\alexander\desktop\новая папка\recomm\md5.h(367): warning C4996: 'sprintf': This function or variable may be unsafe. Consider using sprintf_s instead. To disable deprecation, use _CRT_SECURE_NO_WARNINGS. See online help for details.
                 E:\Установленное\Vs\VC\include\stdio.h(371): см. объявление "sprintf"
     1>c:\users\alexander\desktop\новая папка\recomm\Form1.h(44): warning C4244: аргумент: преобразование "time_t" в "unsigned int", возможна потеря данных
         Для всех выходных данных обновления не требуется.
       ManagedIncrementalBuildPostProcessDependencyGraph:
         To improve incremental build performance for managed components, please make sure that the 'VC++ Directories->Reference Directories' points to all the paths which contain the referenced managed assemblies.
         Не удалось загрузить файл или сборку "file:///C:\PROGRAM FILES\MICROSOFT VISUAL STUDIO 10.0\VC\BIN\1033\CLUI.DLL" либо одну из их зависимостей. Не удается найти указанный файл.
         To improve incremental build performance for managed components, please make sure that the 'VC++ Directories->Reference Directories' points to all the paths which contain the referenced managed assemblies.
         Не удалось загрузить файл или сборку "file:///C:\PROGRAM FILES\MICROSOFT VISUAL STUDIO 10.0\COMMON7\IDE\MSPDBSRV.EXE" либо одну из их зависимостей. Не удается найти указанный файл.
         To improve incremental build performance for managed components, please make sure that the 'VC++ Directories->Reference Directories' points to all the paths which contain the referenced managed assemblies.
         Не удалось загрузить файл или сборку "file:///C:\PROGRAM FILES\REFERENCE ASSEMBLIES\MICROSOFT\FRAMEWORK\.NETFRAMEWORK\V4.0\MSCORLIB.DLL" либо одну из их зависимостей. Не удается найти указанный файл.
         To improve incremental build performance for managed components, please make sure that the 'VC++ Directories->Reference Directories' points to all the paths which contain the referenced managed assemblies.
         Не удалось загрузить файл или сборку "file:///C:\PROGRAM FILES\REFERENCE ASSEMBLIES\MICROSOFT\FRAMEWORK\.NETFRAMEWORK\V4.0\SYSTEM.CORE.DLL" либо одну из их зависимостей. Не удается найти указанный файл.
         To improve incremental build performance for managed components, please make sure that the 'VC++ Directories->Reference Directories' points to all the paths which contain the referenced managed assemblies.
         Не удалось загрузить файл или сборку "file:///C:\PROGRAM FILES\REFERENCE ASSEMBLIES\MICROSOFT\FRAMEWORK\.NETFRAMEWORK\V4.0\SYSTEM.DATA.DLL" либо одну из их зависимостей. Не удается найти указанный файл.
         To improve incremental build performance for managed components, please make sure that the 'VC++ Directories->Reference Directories' points to all the paths which contain the referenced managed assemblies.
         Не удалось загрузить файл или сборку "file:///C:\PROGRAM FILES\REFERENCE ASSEMBLIES\MICROSOFT\FRAMEWORK\.NETFRAMEWORK\V4.0\SYSTEM.DLL" либо одну из их зависимостей. Не удается найти указанный файл.
         To improve incremental build performance for managed components, please make sure that the 'VC++ Directories->Reference Directories' points to all the paths which contain the referenced managed assemblies.
         Не удалось загрузить файл или сборку "file:///C:\PROGRAM FILES\REFERENCE ASSEMBLIES\MICROSOFT\FRAMEWORK\.NETFRAMEWORK\V4.0\SYSTEM.DRAWING.DLL" либо одну из их зависимостей. Не удается найти указанный файл.
         To improve incremental build performance for managed components, please make sure that the 'VC++ Directories->Reference Directories' points to all the paths which contain the referenced managed assemblies.
         Не удалось загрузить файл или сборку "file:///C:\PROGRAM FILES\REFERENCE ASSEMBLIES\MICROSOFT\FRAMEWORK\.NETFRAMEWORK\V4.0\SYSTEM.WINDOWS.FORMS.DLL" либо одну из их зависимостей. Не удается найти указанный файл.
         To improve incremental build performance for managed components, please make sure that the 'VC++ Directories->Reference Directories' points to all the paths which contain the referenced managed assemblies.
         Не удалось загрузить файл или сборку "file:///C:\PROGRAM FILES\REFERENCE ASSEMBLIES\MICROSOFT\FRAMEWORK\.NETFRAMEWORK\V4.0\SYSTEM.XML.DLL" либо одну из их зависимостей. Не удается найти указанный файл.
         To improve incremental build performance for managed components, please make sure that the 'VC++ Directories->Reference Directories' points to all the paths which contain the referenced managed assemblies.
         Не удалось загрузить файл или сборку "file:///C:\PROGRAM FILES\REFERENCE ASSEMBLIES\MICROSOFT\FRAMEWORK\.NETFRAMEWORK\V4.0\MICROSOFT.VISUALC.DLL" либо одну из их зависимостей. Не удается найти указанный файл.
         To improve incremental build performance for managed components, please make sure that the 'VC++ Directories->Reference Directories' points to all the paths which contain the referenced managed assemblies.
         Не удалось загрузить файл или сборку "file:///D:\VS2010\VC\BIN\1049\CLUI.DLL" либо одну из их зависимостей. Не удается найти указанный файл.
         To improve incremental build performance for managed components, please make sure that the 'VC++ Directories->Reference Directories' points to all the paths which contain the referenced managed assemblies.
         Не удалось загрузить файл или сборку "file:///D:\VS2010\COMMON7\IDE\MSPDBSRV.EXE" либо одну из их зависимостей. Не удается найти указанный файл.
         To improve incremental build performance for managed components, please make sure that the 'VC++ Directories->Reference Directories' points to all the paths which contain the referenced managed assemblies.
         Не удалось загрузить файл или сборку "file:///F:\Установленное\VS\VC\BIN\1033\CLUI.DLL" либо одну из их зависимостей. Устройство не готово. (Исключение из HRESULT: 0x80070015)
         To improve incremental build performance for managed components, please make sure that the 'VC++ Directories->Reference Directories' points to all the paths which contain the referenced managed assemblies.
         Не удалось загрузить файл или сборку "file:///F:\Установленное\VS\COMMON7\IDE\MSPDBSRV.EXE" либо одну из их зависимостей. Устройство не готово. (Исключение из HRESULT: 0x80070015)
       CoreResGen:
         Отсутствуют ресурсы, устаревшие по отношению к файлам своих источников. Пропуск формирования ресурсов.
       ResourceCompile:
         Для всех выходных данных обновления не требуется.
       Link:
         E:\Установленное\Vs\VC\bin\link.exe /ERRORREPORT:PROMPT /OUT:"C:\Users\Alexander\Desktop\Новая папка\Debug\Recomm.exe" /INCREMENTAL /NOLOGO /ASSEMBLYRESOURCE:Debug\Recomm.Form1.resources /MANIFEST /ManifestFile:"Debug\Recomm.exe.intermediate.manifest" /MANIFESTUAC:"level='asInvoker' uiAccess='false'" /DEBUG /PDB:"C:\Users\Alexander\Desktop\Новая папка\Debug\Recomm.pdb" /ASSEMBLYDEBUG /SUBSYSTEM:WINDOWS /TLBID:1 /ENTRY:"main" /DYNAMICBASE /FIXED:NO /NXCOMPAT /MACHINE:X86 Debug\app.res
         Debug\AssemblyInfo.obj
         Debug\Recomm.obj
         Debug\stdafx.obj
         "Debug\.NETFramework,Version=v4.0.AssemblyAttributes.obj"
         Recomm.vcxproj -> C:\Users\Alexander\Desktop\Новая папка\Debug\Recomm.exe
       Manifest:
         C:\Program Files (x86)\Microsoft SDKs\Windows\v7.0A\bin\mt.exe /nologo /verbose /outputresource:"C:\Users\Alexander\Desktop\Новая папка\Debug\Recomm.exe;#1" /manifest Debug\Recomm.exe.intermediate.manifest
       FinalizeBuildStatus:
         Файл "Debug\Recomm.unsuccessfulbuild" удаляется.
         Обращение к "Debug\Recomm.lastbuildstate".
     1>Построение проекта "C:\Users\Alexander\Desktop\Новая папка\Recomm\Recomm.vcxproj" завершено (целевые объекты build).

Построение успешно завершено.

Затраченное время: 00:00:04.30
